<?xml version="1.0" encoding="UTF-8"?>
<!-- Generated by org.testng.reporters.JUnitXMLReporter -->
<testsuite hostname="Joshikanth" ignored="3" name="Default test(failed)" tests="3" failures="3" timestamp="22 Apr 2022 18:46:10 GMT" time="2.024" errors="0">
  <testcase name="tc3" time="1.773" classname="abc.org.regis">
    <failure type="java.lang.NullPointerException">
      <![CDATA[java.lang.NullPointerException
	at org.openqa.selenium.support.pagefactory.DefaultElementLocator.findElement(DefaultElementLocator.java:70)
	at org.openqa.selenium.support.pagefactory.internal.LocatingElementHandler.invoke(LocatingElementHandler.java:39)
	at com.sun.proxy.$Proxy7.sendKeys(Unknown Source)
	at abc.org.regis.tc3(regis.java:49)
... Removed 25 stack frames]]>
    </failure>
  </testcase> <!-- tc3 -->
  <testcase name="tc5" time="0.093" classname="abc.org.regis">
    <failure type="java.lang.NullPointerException">
      <![CDATA[java.lang.NullPointerException
	at org.openqa.selenium.support.pagefactory.DefaultElementLocator.findElement(DefaultElementLocator.java:70)
	at org.openqa.selenium.support.pagefactory.internal.LocatingElementHandler.invoke(LocatingElementHandler.java:39)
	at com.sun.proxy.$Proxy7.sendKeys(Unknown Source)
	at abc.org.regis.tc5(regis.java:71)
... Removed 25 stack frames]]>
    </failure>
  </testcase> <!-- tc5 -->
  <testcase name="tc6" time="0.063" classname="abc.org.regis">
    <failure type="java.lang.NullPointerException">
      <![CDATA[java.lang.NullPointerException
	at org.openqa.selenium.support.pagefactory.DefaultElementLocator.findElement(DefaultElementLocator.java:70)
	at org.openqa.selenium.support.pagefactory.internal.LocatingElementHandler.invoke(LocatingElementHandler.java:39)
	at com.sun.proxy.$Proxy7.sendKeys(Unknown Source)
	at abc.org.regis.tc6(regis.java:81)
... Removed 25 stack frames]]>
    </failure>
  </testcase> <!-- tc6 -->
  <testcase name="tc1" time="0.0" classname="abc.org.regis">
    <ignored/>
  </testcase> <!-- tc1 -->
  <testcase name="tc4" time="0.0" classname="abc.org.regis">
    <ignored/>
  </testcase> <!-- tc4 -->
  <testcase name="tc2" time="0.0" classname="abc.org.regis">
    <ignored/>
  </testcase> <!-- tc2 -->
</testsuite> <!-- Default test(failed) -->
